19:17:51.226 INFO - Launching a standalone Selenium Server
19:17:51.257 INFO - Java: Oracle Corporation 24.79-b02
19:17:51.257 INFO - OS: Mac OS X 10.10.5 x86_64
19:17:51.267 INFO - v2.53.0, with Core v2.53.0. Built from revision 35ae25b
19:17:51.324 INFO - Driver provider org.openqa.selenium.ie.InternetExplorerDriver registration is skipped:
registration capabilities Capabilities [{platform=WINDOWS, ensureCleanSession=true, browserName=internet explorer, version=}] does not match the current platform MAC
19:17:51.325 INFO - Driver provider org.openqa.selenium.edge.EdgeDriver registration is skipped:
registration capabilities Capabilities [{platform=WINDOWS, browserName=MicrosoftEdge, version=}] does not match the current platform MAC
19:17:51.325 INFO - Driver class not found: com.opera.core.systems.OperaDriver
19:17:51.325 INFO - Driver provider com.opera.core.systems.OperaDriver is not registered
19:17:51.327 INFO - Driver class not found: org.openqa.selenium.htmlunit.HtmlUnitDriver
19:17:51.327 INFO - Driver provider org.openqa.selenium.htmlunit.HtmlUnitDriver is not registered
19:17:51.372 INFO - RemoteWebDriver instances should connect to: http://127.0.0.1:4444/wd/hub
19:17:51.372 INFO - Selenium Server is up and running
19:17:51.609 INFO - Executing: [new session: Capabilities [{platform=ANY, acceptSslCerts=true, javascriptEnabled=true, browserName=chrome, name=Test}]])
19:17:51.618 INFO - Creating a new session for Capabilities [{platform=ANY, acceptSslCerts=true, javascriptEnabled=true, browserName=chrome, name=Test}]
Starting ChromeDriver 2.19.346063 (38b35413bd4a486d436a9749e090454bc9ff6708) on port 22360
Only local connections are allowed.
19:17:52.724 INFO - Done: [new session: Capabilities [{platform=ANY, acceptSslCerts=true, javascriptEnabled=true, browserName=chrome, name=Test}]]
19:17:52.744 INFO - Executing: [get: http://localhost:3000])
19:17:53.083 INFO - Done: [get: http://localhost:3000]
19:17:53.095 INFO - Executing: [find elements: By.xpath: //body])
19:17:53.134 INFO - Done: [find elements: By.xpath: //body]
19:17:53.137 INFO - Executing: [is displayed: 0 [[ChromeDriver: chrome on MAC (75a5c0ee2f52c0d54ea9be5dd9867da2)] -> xpath: //body]])
19:17:53.150 INFO - Done: [is displayed: 0 [[ChromeDriver: chrome on MAC (75a5c0ee2f52c0d54ea9be5dd9867da2)] -> xpath: //body]]
19:17:53.157 INFO - Executing: [find element: By.xpath: //pre[text()="Hello from koa.js"]])
19:17:53.173 INFO - Done: [find element: By.xpath: //pre[text()="Hello from koa.js"]]
19:17:53.177 INFO - Executing: [get text: 1 [[ChromeDriver: chrome on MAC (75a5c0ee2f52c0d54ea9be5dd9867da2)] -> xpath: //pre[text()="Hello from koa.js"]]])
19:17:53.198 INFO - Done: [get text: 1 [[ChromeDriver: chrome on MAC (75a5c0ee2f52c0d54ea9be5dd9867da2)] -> xpath: //pre[text()="Hello from koa.js"]]]
19:17:55.210 INFO - Executing: [delete session: 43458ef0-8a99-48aa-b571-bb71970e92eb])
19:17:55.292 INFO - Done: [delete session: 43458ef0-8a99-48aa-b571-bb71970e92eb]
